Charm++: standalone mode (not using charmrun)
Converse/Charm++ Commit ID: v6.4.0-beta1-0-g5776d21
Warning> Randomization of stack pointer is turned on in kernel, thread migration may not work! Run 'echo 0 > /proc/sys/kernel/randomize_va_space' as root to disable it, or try run with '+isomalloc_sync'.  
Charm++> scheduler running in netpoll mode.
CharmLB> Load balancer assumes all CPUs are same.
Charm++> Running on 1 unique compute nodes (4-way SMP).
Charm++> cpu topology info is gathered in 0.001 seconds.
Info: NAMD 2.9 for Linux-x86_64
Info: 
Info: Please visit http://www.ks.uiuc.edu/Research/namd/
Info: for updates, documentation, and support information.
Info: 
Info: Please cite Phillips et al., J. Comp. Chem. 26:1781-1802 (2005)
Info: in all publications reporting results obtained with NAMD.
Info: 
Info: Based on Charm++/Converse 60400 for net-linux-x86_64-iccstatic
Info: Built Mon Apr 30 14:00:48 CDT 2012 by jim on nereid.ks.uiuc.edu
Info: 1 NAMD  2.9  Linux-x86_64  1    mavrino.chem.ucl.ac.uk  shunzhou
Info: Running on 1 processors, 1 nodes, 1 physical nodes.
Info: CPU topology information available.
Info: Charm++/Converse parallel runtime startup completed at 0.00614095 s
Info: 1.49846 MB of memory in use based on CmiMemoryUsage
Info: Configuration file is sim0.conf
Info: Working in the current directory /store5/shunzhou/bac-example/toy-model/sim_confs
TCL: Suspending until startup complete.
Warning: The following variables were set in the
Warning: configuration file but will be ignored:
Warning:    paraTypeCharmm (parameters)
Info: EXTENDED SYSTEM FILE   ../simulation/eq0.xsc
Info: SIMULATION PARAMETERS:
Info: TIMESTEP               2
Info: NUMBER OF STEPS        0
Info: STEPS PER CYCLE        10
Info: PERIODIC CELL BASIS 1  25.376 0 0
Info: PERIODIC CELL BASIS 2  0 22.772 0
Info: PERIODIC CELL BASIS 3  0 0 22.008
Info: PERIODIC CELL CENTER   0 0 0
Info: WRAPPING WATERS AROUND PERIODIC BOUNDARIES ON OUTPUT.
Info: WRAPPING ALL CLUSTERS AROUND PERIODIC BOUNDARIES ON OUTPUT.
Info: LOAD BALANCER  Centralized
Info: LOAD BALANCING STRATEGY  New Load Balancers -- DEFAULT
Info: LDB PERIOD             2000 steps
Info: FIRST LDB TIMESTEP     50
Info: LAST LDB TIMESTEP     -1
Info: LDB BACKGROUND SCALING 1
Info: HOM BACKGROUND SCALING 1
Info: PME BACKGROUND SCALING 1
Info: MIN ATOMS PER PATCH    40
Info: INITIAL TEMPERATURE    50
Info: CENTER OF MASS MOVING INITIALLY? NO
Info: DIELECTRIC             1
Info: EXCLUDE                SCALED ONE-FOUR
Info: 1-4 ELECTROSTATICS SCALED BY 0.833333
Info: MODIFIED 1-4 VDW PARAMETERS WILL BE USED
Info: DCD FILENAME           ../simulation/sim0.dcd
Info: DCD FREQUENCY          1000
Info: DCD FIRST STEP         1000
Info: DCD FILE WILL CONTAIN UNIT CELL DATA
Info: XST FILENAME           ../simulation/sim0.xst
Info: XST FREQUENCY          500
Info: NO VELOCITY DCD OUTPUT
Info: NO FORCE DCD OUTPUT
Info: OUTPUT FILENAME        ../simulation/sim0
Info: RESTART FILENAME       ../simulation/sim0.restart
Info: RESTART FREQUENCY      10000
Info: BINARY RESTART FILES WILL BE USED
Info: SWITCHING ACTIVE
Info: SWITCHING ON           10
Info: SWITCHING OFF          12
Info: PAIRLIST DISTANCE      13.5
Info: PAIRLIST SHRINK RATE   0.01
Info: PAIRLIST GROW RATE     0.01
Info: PAIRLIST TRIGGER       0.3
Info: PAIRLISTS PER CYCLE    2
Info: PAIRLISTS ENABLED
Info: MARGIN                 0
Info: HYDROGEN GROUP CUTOFF  2.5
Info: PATCH DIMENSION        16
Info: ENERGY OUTPUT STEPS    500
Info: CROSSTERM ENERGY INCLUDED IN DIHEDRAL
Info: TIMING OUTPUT STEPS    5000
Info: PRESSURE OUTPUT STEPS  500
Info: VELOCITY REASSIGNMENT FREQ  100
Info: VELOCITY REASSIGNMENT TEMP  50
Info: VELOCITY REASSIGNMENT INCR  5
Info: VELOCITY REASSIGNMENT HOLD  300
Info: PARTICLE MESH EWALD (PME) ACTIVE
Info: PME TOLERANCE               1e-06
Info: PME EWALD COEFFICIENT       0.257952
Info: PME INTERPOLATION ORDER     4
Info: PME GRID DIMENSIONS         28 24 24
Info: PME MAXIMUM GRID SPACING    1
Info: Attempting to read FFTW data from FFTW_NAMD_2.9_Linux-x86_64.txt
Info: Optimizing 6 FFT steps.  1... 2... 3... 4... 5... 6...   Done.
Info: Writing FFTW data to FFTW_NAMD_2.9_Linux-x86_64.txt
Info: FULL ELECTROSTATIC EVALUATION FREQUENCY      2
Info: USING VERLET I (r-RESPA) MTS SCHEME.
Info: C1 SPLITTING OF LONG RANGE ELECTROSTATICS
Info: PLACING ATOMS IN PATCHES BY HYDROGEN GROUPS
Info: RIGID BONDS TO HYDROGEN : ALL
Info:         ERROR TOLERANCE : 1e-05
Info:          MAX ITERATIONS : 100
Info: RIGID WATER USING SETTLE ALGORITHM
Info: RANDOM NUMBER SEED     1414057118
Info: USE HYDROGEN BONDS?    NO
Info: Using AMBER format force field!
Info: AMBER PARM FILE        ../build/mol-solv.top
Info: COORDINATE PDB         ../simulation/eq0.coor
Info: Exclusions in PARM file will be ignored!
Info: SCNB (VDW SCALING)     2
Info: USING ARITHMETIC MEAN TO COMBINE L-J SIGMA PARAMETERS
Reading parm file (../build/mol-solv.top) ...
PARM file in AMBER 7 format
Warning: Skipping ATOMIC_NUMBER in parm file while seeking MASS.
Warning: Skipping SCEE_SCALE_FACTOR in parm file while seeking SOLTY.
Warning: Skipping SCNB_SCALE_FACTOR in parm file while seeking SOLTY.
Warning: Encounter 10-12 H-bond term
Warning: Found 360 H-H bonds.
Info: SUMMARY OF PARAMETERS:
Info: 14 BONDS
Info: 23 ANGLES
Info: 14 DIHEDRAL
Info: 0 IMPROPER
Info: 0 CROSSTERM
Info: 0 VDW
Info: 55 VDW_PAIRS
Info: 0 NBTHOLE_PAIRS
Info: TIME FOR READING PDB FILE: 0.00358891
Info: 
Info: ****************************
Info: STRUCTURE SUMMARY:
Info: 1103 ATOMS
Info: 1102 BONDS
Info: 39 ANGLES
Info: 62 DIHEDRALS
Info: 0 IMPROPERS
Info: 0 CROSSTERMS
Info: 0 EXCLUSIONS
Info: 1092 RIGID BONDS
Info: 2214 DEGREES OF FREEDOM
Info: 371 HYDROGEN GROUPS
Info: 4 ATOMS IN LARGEST HYDROGEN GROUP
Info: 371 MIGRATION GROUPS
Info: 4 ATOMS IN LARGEST MIGRATION GROUP
Info: TOTAL MASS = 6645.94 amu
Info: TOTAL CHARGE = 4.09782e-08 e
Info: MASS DENSITY = 0.867782 g/cm^3
Info: ATOM DENSITY = 0.0867302 atoms/A^3
Info: *****************************
Info: 
Info: Entering startup at 0.0270789 s, 1.98482 MB of memory in use
Info: Startup phase 0 took 6.60419e-05 s, 1.98491 MB of memory in use
Info: Startup phase 1 took 0.00112009 s, 2.16072 MB of memory in use
Info: Startup phase 2 took 0.000119925 s, 2.2018 MB of memory in use
Info: Startup phase 3 took 4.50611e-05 s, 2.20168 MB of memory in use
Info: PATCH GRID IS 1 (PERIODIC) BY 1 (PERIODIC) BY 1 (PERIODIC)
Info: PATCH GRID IS 1-AWAY BY 1-AWAY BY 1-AWAY
Info: REMOVING COM VELOCITY 0.00135989 0.0816267 -0.120803
Info: LARGEST PATCH (0) HAS 1103 ATOMS
Info: Startup phase 4 took 0.000968933 s, 2.39372 MB of memory in use
Info: PME using 1 and 1 processors for FFT and reciprocal sum.
Info: PME USING 1 GRID NODES AND 1 TRANS NODES
Info: PME GRID LOCATIONS: 0
Info: PME TRANS LOCATIONS: 0
Info: Optimizing 4 FFT steps.  1... 2... 3... 4...   Done.
Info: Startup phase 5 took 0.000233889 s, 2.46495 MB of memory in use
Info: Startup phase 6 took 5.31673e-05 s, 2.46483 MB of memory in use
LDB: Central LB being created...
Info: Startup phase 7 took 7.58171e-05 s, 2.46623 MB of memory in use
Info: CREATING 25 COMPUTE OBJECTS
Info: NONBONDED TABLE R-SQUARED SPACING: 0.0625
Info: NONBONDED TABLE SIZE: 769 POINTS
Info: Startup phase 8 took 0.00244212 s, 2.94963 MB of memory in use
Info: Startup phase 9 took 4.60148e-05 s, 2.94951 MB of memory in use
Info: Startup phase 10 took 6.19888e-05 s, 3.20192 MB of memory in use
Info: Finished startup at 0.0323119 s, 3.20192 MB of memory in use

TCL: Running for 10000 steps
REASSIGNING VELOCITIES AT STEP 0 TO 50 KELVIN.
PRESSURE: 0 -386.179 -352.079 -124.383 -352.079 125.106 22.8096 -124.383 22.8096 -950.121
GPRESSURE: 0 -365.118 -343.62 -166.415 -382.691 138.067 17.1302 -134.685 20.8886 -880.661
ETITLE:      TS           BOND          ANGLE          DIHED          IMPRP               ELECT            VDW       BOUNDARY           MISC        KINETIC               TOTAL           TEMP      POTENTIAL         TOTAL3        TEMPAVG            PRESSURE      GPRESSURE         VOLUME       PRESSAVG      GPRESSAVG

ENERGY:       0         0.5317         1.5466         4.7121         0.0000          -5191.7998       914.7389         0.0000         0.0000       112.1331          -4158.1374        50.9738     -4270.2705     -4158.1124        50.9738           -403.7317      -369.2374     12717.5929      -403.7317      -369.2374

OPENING EXTENDED SYSTEM TRAJECTORY FILE
LDB: ============= START OF LOAD BALANCING ============== 0.233352
LDB: ============== END OF LOAD BALANCING =============== 0.233402
LDB: =============== DONE WITH MIGRATION ================ 0.234349
LDB: ============= START OF LOAD BALANCING ============== 0.842544
LDB: ============== END OF LOAD BALANCING =============== 0.842577
LDB: =============== DONE WITH MIGRATION ================ 0.843628
Info: Initial time: 1 CPUs 0.0158744 s/step 0.0918657 days/ns 5.12793 MB memory
LDB: ============= START OF LOAD BALANCING ============== 0.997837
LDB: ============== END OF LOAD BALANCING =============== 0.997874
LDB: =============== DONE WITH MIGRATION ================ 0.998731
LDB: ============= START OF LOAD BALANCING ============== 1.61896
LDB: ============== END OF LOAD BALANCING =============== 1.61901
LDB: =============== DONE WITH MIGRATION ================ 1.62013
REASSIGNING VELOCITIES AT STEP 100 TO 55 KELVIN.
Info: Initial time: 1 CPUs 0.0155127 s/step 0.0897723 days/ns 5.12756 MB memory
LDB: ============= START OF LOAD BALANCING ============== 2.39411
LDB: ============== END OF LOAD BALANCING =============== 2.39415
LDB: =============== DONE WITH MIGRATION ================ 2.39561
Info: Initial time: 1 CPUs 0.0155133 s/step 0.0897758 days/ns 5.12732 MB memory
LDB: ============= START OF LOAD BALANCING ============== 3.16716
LDB: ============== END OF LOAD BALANCING =============== 3.1672
LDB: =============== DONE WITH MIGRATION ================ 3.16883
REASSIGNING VELOCITIES AT STEP 200 TO 60 KELVIN.
Info: Benchmark time: 1 CPUs 0.0154649 s/step 0.089496 days/ns 5.12708 MB memory
Info: Benchmark time: 1 CPUs 0.014936 s/step 0.0864349 days/ns 5.12708 MB memory
REASSIGNING VELOCITIES AT STEP 300 TO 65 KELVIN.
Info: Benchmark time: 1 CPUs 0.0149229 s/step 0.0863595 days/ns 5.12708 MB memory
REASSIGNING VELOCITIES AT STEP 400 TO 70 KELVIN.
REASSIGNING VELOCITIES AT STEP 500 TO 75 KELVIN.
PRESSURE: 500 -3964.9 -479.034 64.5061 -479.034 -3810.85 -382.868 64.5061 -382.868 -4008.77
GPRESSURE: 500 -3904.98 -495.223 163.785 -529.162 -3782.83 -223.113 103.123 -576.182 -3956.93
PRESSAVG: 500 -2903.56 -370.932 -53.7888 -370.932 -2771.27 -169.874 -53.7888 -169.874 -3442.05
GPRESSAVG: 500 -2905.4 -372.547 -52.8459 -366.708 -2770.1 -171.468 -53.8015 -175.675 -3440.46
ENERGY:     500         1.1613         3.3921         4.7183         0.0000          -4863.8617       669.7913         0.0000         0.0000       160.4057          -4024.3930        72.9177     -4184.7987     -4016.3863        49.8899          -3928.1719     -3881.5816     12717.5929     -3038.9586     -3038.6513

REASSIGNING VELOCITIES AT STEP 600 TO 80 KELVIN.
REASSIGNING VELOCITIES AT STEP 700 TO 85 KELVIN.
REASSIGNING VELOCITIES AT STEP 800 TO 90 KELVIN.
REASSIGNING VELOCITIES AT STEP 900 TO 95 KELVIN.
REASSIGNING VELOCITIES AT STEP 1000 TO 100 KELVIN.
PRESSURE: 1000 -3069.89 -174.602 543.826 -174.602 -3604.9 -438.782 543.826 -438.782 -2794.69
GPRESSURE: 1000 -3003.36 2.1703 530.163 -587.727 -3595.39 -137.888 825.718 -619.723 -2709.66
PRESSAVG: 1000 -2885.44 -237.432 -164.468 -237.432 -2953.91 -371.936 -164.468 -371.936 -3435.68
GPRESSAVG: 1000 -2889.87 -235.201 -165.419 -238.202 -2953.8 -370.764 -162.652 -375.015 -3430.68
ENERGY:    1000         1.9769         4.9764         4.4770         0.0000          -4851.6279       701.8164         0.0000         0.0000       219.1374          -3919.2437        99.6160     -4138.3811     -3906.9531        79.3943          -3156.4964     -3102.8031     12717.5929     -3091.6764     -3091.4486

OPENING COORDINATE DCD FILE
WRITING COORDINATES TO DCD FILE AT STEP 1000
The last position output (seq=1000) takes 0.002 seconds, 5.164 MB of memory in use
REASSIGNING VELOCITIES AT STEP 1100 TO 105 KELVIN.
REASSIGNING VELOCITIES AT STEP 1200 TO 110 KELVIN.
REASSIGNING VELOCITIES AT STEP 1300 TO 115 KELVIN.
REASSIGNING VELOCITIES AT STEP 1400 TO 120 KELVIN.
REASSIGNING VELOCITIES AT STEP 1500 TO 125 KELVIN.
PRESSURE: 1500 -2381.19 27.0233 -491.102 27.0233 -2339.43 52.356 -491.102 52.356 -2097.41
GPRESSURE: 1500 -2451.32 232.427 -452.614 147.675 -2250.1 -49.2996 -677.598 55.7882 -2021.94
PRESSAVG: 1500 -2680.09 -60.479 -40.3199 -60.479 -2905.99 -218.905 -40.3199 -218.905 -2861.12
GPRESSAVG: 1500 -2679.34 -68.2266 -33.3606 -59.6385 -2906.42 -220.5 -35.9054 -226.686 -2860.84
ENERGY:    1500         1.8040         4.7016         5.5480         0.0000          -4837.9540       727.8824         0.0000         0.0000       268.3889          -3829.6291       122.0049     -4098.0179     -3823.3466       105.4694          -2272.6786     -2241.1207     12717.5929     -2815.7329     -2815.5364

REASSIGNING VELOCITIES AT STEP 1600 TO 130 KELVIN.
REASSIGNING VELOCITIES AT STEP 1700 TO 135 KELVIN.
REASSIGNING VELOCITIES AT STEP 1800 TO 140 KELVIN.
REASSIGNING VELOCITIES AT STEP 1900 TO 145 KELVIN.
REASSIGNING VELOCITIES AT STEP 2000 TO 150 KELVIN.
PRESSURE: 2000 -2981.14 264.579 428.833 264.579 -2053.18 357.908 428.833 357.908 -1956.01
GPRESSURE: 2000 -2964.36 -75.4101 -35.4295 205.49 -1998.42 134.675 585.11 433.662 -1904.77
PRESSAVG: 2000 -2841.89 272.286 -232.203 272.286 -3102.46 -31.5342 -232.203 -31.5342 -2317.42
GPRESSAVG: 2000 -2842.56 272.831 -232.046 270.198 -3103.81 -30.0549 -230.906 -33.3406 -2314.62
ENERGY:    2000         1.7550         6.0735         5.0569         0.0000          -4771.4350       693.2338         0.0000         0.0000       313.1514          -3752.1643       142.3532     -4065.3157     -3747.3576       128.3944          -2330.1095     -2289.1842     12717.5929     -2753.9209     -2753.6611

WRITING COORDINATES TO DCD FILE AT STEP 2000
The last position output (seq=2000) takes 0.000 seconds, 5.179 MB of memory in use
REASSIGNING VELOCITIES AT STEP 2100 TO 155 KELVIN.
LDB: ============= START OF LOAD BALANCING ============== 32.3077
LDB: ============== END OF LOAD BALANCING =============== 32.3077
LDB: =============== DONE WITH MIGRATION ================ 32.3091
LDB: ============= START OF LOAD BALANCING ============== 33.0794
LDB: ============== END OF LOAD BALANCING =============== 33.0794
LDB: =============== DONE WITH MIGRATION ================ 33.0805
REASSIGNING VELOCITIES AT STEP 2200 TO 160 KELVIN.
REASSIGNING VELOCITIES AT STEP 2300 TO 165 KELVIN.
REASSIGNING VELOCITIES AT STEP 2400 TO 170 KELVIN.
REASSIGNING VELOCITIES AT STEP 2500 TO 175 KELVIN.
PRESSURE: 2500 -2750.82 -8.23605 -281.125 -8.23605 -2254.98 156.605 -281.125 156.605 -2213.79
GPRESSURE: 2500 -2599.97 -279.692 -191.616 -224.679 -2188.75 137.038 -270.247 463.308 -2293.19
PRESSAVG: 2500 -2585.3 21.2366 -325.234 21.2366 -2505.85 97.6264 -325.234 97.6264 -1831.99
GPRESSAVG: 2500 -2583.92 17.4119 -325.141 24.7227 -2508.22 108.721 -330.43 98.5056 -1830.58
ENERGY:    2500         3.1603         9.5950         5.7973         0.0000          -4716.8266       684.2996         0.0000         0.0000       389.7467          -3624.2277       177.1721     -4013.9744     -3603.8945       153.7391          -2406.5310     -2360.6377     12717.5929     -2307.7120     -2307.5720

REASSIGNING VELOCITIES AT STEP 2600 TO 180 KELVIN.
REASSIGNING VELOCITIES AT STEP 2700 TO 185 KELVIN.
REASSIGNING VELOCITIES AT STEP 2800 TO 190 KELVIN.
REASSIGNING VELOCITIES AT STEP 2900 TO 195 KELVIN.
REASSIGNING VELOCITIES AT STEP 3000 TO 200 KELVIN.
PRESSURE: 3000 -2446.37 -750.466 89.9239 -750.466 -2338.55 491.62 89.9239 491.62 -1791.03
GPRESSURE: 3000 -2126.05 -849.447 -694.189 -380.165 -2411.88 755.771 349.009 264.629 -1796.45
PRESSAVG: 3000 -2031.92 -35.1845 -330.722 -35.1845 -2355.82 -10.9141 -330.722 -10.9141 -1365.37
GPRESSAVG: 3000 -2032.33 -34.4098 -332.198 -26.4466 -2351.91 -10.0525 -326.248 -3.31263 -1367.97
ENERGY:    3000         2.3677         8.4986         8.0582         0.0000          -4624.3884       660.1828         0.0000         0.0000       463.1670          -3482.1141       210.5477     -3945.2811     -3454.1982       181.8633          -2191.9813     -2111.4595     12717.5929     -1917.7031     -1917.4017

WRITING COORDINATES TO DCD FILE AT STEP 3000
The last position output (seq=3000) takes 0.000 seconds, 5.179 MB of memory in use
REASSIGNING VELOCITIES AT STEP 3100 TO 205 KELVIN.
REASSIGNING VELOCITIES AT STEP 3200 TO 210 KELVIN.
REASSIGNING VELOCITIES AT STEP 3300 TO 215 KELVIN.
REASSIGNING VELOCITIES AT STEP 3400 TO 220 KELVIN.
REASSIGNING VELOCITIES AT STEP 3500 TO 225 KELVIN.
PRESSURE: 3500 -664.088 132.662 -228.242 132.662 -2066.86 -793.512 -228.242 -793.512 -2130.44
GPRESSURE: 3500 -479.676 -8.23749 -72.5683 126.478 -2082.38 -822.739 -343.411 -779.682 -2154.84
PRESSAVG: 3500 -1627.55 -240.413 -131.968 -240.413 -1894.09 41.6439 -131.968 41.6439 -1142.97
GPRESSAVG: 3500 -1631.07 -240.926 -124.877 -236.799 -1889.43 43.8347 -124.22 43.5507 -1143.49
ENERGY:    3500         3.2574         7.4510         5.7717         0.0000          -4519.2635       651.1282         0.0000         0.0000       464.9927          -3386.6624       211.3776     -3851.6552     -3393.0933       209.9346          -1620.4610     -1572.2974     12717.5929     -1554.8698     -1554.6623

REASSIGNING VELOCITIES AT STEP 3600 TO 230 KELVIN.
REASSIGNING VELOCITIES AT STEP 3700 TO 235 KELVIN.
REASSIGNING VELOCITIES AT STEP 3800 TO 240 KELVIN.
REASSIGNING VELOCITIES AT STEP 3900 TO 245 KELVIN.
REASSIGNING VELOCITIES AT STEP 4000 TO 250 KELVIN.
PRESSURE: 4000 -2336.33 -365.74 -915.803 -365.74 -2054.98 637.191 -915.803 637.191 -2310.55
GPRESSURE: 4000 -2067.46 -283.476 -844.691 -602.437 -2031.63 583.294 -566.247 600.732 -2295.24
PRESSAVG: 4000 -1826.27 -88.7151 -70.7295 -88.7151 -1856.09 95.5402 -70.7295 95.5402 -1575.92
GPRESSAVG: 4000 -1821.67 -96.0804 -65.4464 -91.3569 -1856.94 99.319 -69.8747 97.1822 -1578.58
ENERGY:    4000         3.4592         9.4505         7.1571         0.0000          -4403.2411       599.1865         0.0000         0.0000       549.3925          -3234.5953       249.7442     -3783.9878     -3212.8057       224.2797          -2233.9528     -2131.4426     12717.5929     -1752.7637     -1752.3979

WRITING COORDINATES TO DCD FILE AT STEP 4000
The last position output (seq=4000) takes 0.001 seconds, 5.180 MB of memory in use
REASSIGNING VELOCITIES AT STEP 4100 TO 255 KELVIN.
LDB: ============= START OF LOAD BALANCING ============== 62.7748
LDB: ============== END OF LOAD BALANCING =============== 62.7749
LDB: =============== DONE WITH MIGRATION ================ 62.7759
LDB: ============= START OF LOAD BALANCING ============== 63.5512
LDB: ============== END OF LOAD BALANCING =============== 63.5513
LDB: =============== DONE WITH MIGRATION ================ 63.5523
REASSIGNING VELOCITIES AT STEP 4200 TO 260 KELVIN.
REASSIGNING VELOCITIES AT STEP 4300 TO 265 KELVIN.
REASSIGNING VELOCITIES AT STEP 4400 TO 270 KELVIN.
REASSIGNING VELOCITIES AT STEP 4500 TO 275 KELVIN.
PRESSURE: 4500 -1485.39 955.508 160.349 955.508 -1362.16 37.9028 160.349 37.9028 -382.368
GPRESSURE: 4500 -1339.34 567.165 79.9057 918.928 -1416.98 -347.304 268.881 64.3162 -261.748
PRESSAVG: 4500 -1774.01 -40.7349 -56.4261 -40.7349 -1674.91 33.7106 -56.4261 33.7106 -1352.94
GPRESSAVG: 4500 -1767.85 -48.7454 -45.2262 -30.9486 -1676.82 35.2814 -68.6094 33.5752 -1356.22
ENERGY:    4500         3.7143         9.4678         6.4000         0.0000          -4351.0783       615.9297         0.0000         0.0000       579.6024          -3135.9640       263.4771     -3715.5664     -3129.0854       252.0796          -1076.6392     -1006.0213     12717.5929     -1600.6192     -1600.2970

REASSIGNING VELOCITIES AT STEP 4600 TO 280 KELVIN.
REASSIGNING VELOCITIES AT STEP 4700 TO 285 KELVIN.
REASSIGNING VELOCITIES AT STEP 4800 TO 290 KELVIN.
REASSIGNING VELOCITIES AT STEP 4900 TO 295 KELVIN.
REASSIGNING VELOCITIES AT STEP 5000 TO 300 KELVIN.
PRESSURE: 5000 -482.138 624.768 294.169 624.768 182.477 357.481 294.169 357.481 -464.968
GPRESSURE: 5000 -115.575 646.864 102.277 822.239 -16.36 -41.9755 703.906 592.461 -255.952
PRESSAVG: 5000 -1724.68 61.9912 -163.672 61.9912 -1540.86 -18.7032 -163.672 -18.7032 -1328.82
GPRESSAVG: 5000 -1724.54 62.6847 -160.326 57.9024 -1546.06 -17.6331 -158.46 -22.9028 -1322.72
TIMING: 5000  CPU: 73.7766, 0.0147473/step  Wall: 75.6796, 0.0151279/step, 0.021011 hours remaining, 5.205231 MB of memory in use.
ETITLE:      TS           BOND          ANGLE          DIHED          IMPRP               ELECT            VDW       BOUNDARY           MISC        KINETIC               TOTAL           TEMP      POTENTIAL         TOTAL3        TEMPAVG            PRESSURE      GPRESSURE         VOLUME       PRESSAVG      GPRESSAVG

ENERGY:    5000         2.0621        11.4661         5.9363         0.0000          -4171.8489       573.9875         0.0000         0.0000       708.7877          -2869.6091       322.2025     -3578.3968     -2818.8754       274.3519           -254.8762      -129.2958     12717.5929     -1531.4534     -1531.1050

WRITING COORDINATES TO DCD FILE AT STEP 5000
The last position output (seq=5000) takes 0.000 seconds, 5.188 MB of memory in use
REASSIGNING VELOCITIES AT STEP 5100 TO 300 KELVIN.
REASSIGNING VELOCITIES AT STEP 5200 TO 300 KELVIN.
REASSIGNING VELOCITIES AT STEP 5300 TO 300 KELVIN.
REASSIGNING VELOCITIES AT STEP 5400 TO 300 KELVIN.
REASSIGNING VELOCITIES AT STEP 5500 TO 300 KELVIN.
PRESSURE: 5500 -1305.21 202.748 -59.2259 202.748 -536.539 -10.8002 -59.2259 -10.8002 -216.626
GPRESSURE: 5500 -1336.64 236.076 53.8743 40.948 -583.068 413.167 6.3555 -299.946 -182.254
PRESSAVG: 5500 -1252.68 42.9189 -16.9137 42.9189 -914.587 -16.9115 -16.9137 -16.9115 -966.065
GPRESSAVG: 5500 -1250.74 52.327 -14.9614 36.9288 -910.967 -34.6424 -14.3268 -10.7673 -972.139
ENERGY:    5500         3.1223        10.2451         5.9741         0.0000          -4102.1799       555.0144         0.0000         0.0000       641.2154          -2886.6087       291.4853     -3527.8241     -2895.8376       300.8513           -686.1257      -700.6530     12717.5929     -1044.4453     -1044.6156

REASSIGNING VELOCITIES AT STEP 5600 TO 300 KELVIN.
REASSIGNING VELOCITIES AT STEP 5700 TO 300 KELVIN.
REASSIGNING VELOCITIES AT STEP 5800 TO 300 KELVIN.
REASSIGNING VELOCITIES AT STEP 5900 TO 300 KELVIN.
REASSIGNING VELOCITIES AT STEP 6000 TO 300 KELVIN.
PRESSURE: 6000 -427.553 -931.963 -945.093 -931.963 -1857.24 -272.199 -945.093 -272.199 -63.3986
GPRESSURE: 6000 -370.506 -666.085 -534.564 -1211.9 -1813.57 -12.3769 -868.501 -341.959 -58.1209
PRESSAVG: 6000 -1353.07 -6.99846 -156.357 -6.99846 -1501.67 -86.3675 -156.357 -86.3675 -949.18
GPRESSAVG: 6000 -1355.86 -2.10892 -159.242 -13.3906 -1498.81 -93.4022 -156.397 -82.4026 -948.381
ENERGY:    6000         1.5788        11.6991         5.4255         0.0000          -4008.2296       512.9771         0.0000         0.0000       671.0621          -2805.4870       305.0531     -3476.5490     -2812.4232       294.8933           -782.7300      -747.3980     12717.5929     -1267.9755     -1267.6857

WRITING COORDINATES TO DCD FILE AT STEP 6000
The last position output (seq=6000) takes 0.001 seconds, 5.259 MB of memory in use
REASSIGNING VELOCITIES AT STEP 6100 TO 300 KELVIN.
LDB: ============= START OF LOAD BALANCING ============== 92.7186
LDB: ============== END OF LOAD BALANCING =============== 92.7186
LDB: =============== DONE WITH MIGRATION ================ 92.7197
LDB: ============= START OF LOAD BALANCING ============== 93.4637
LDB: ============== END OF LOAD BALANCING =============== 93.4637
LDB: =============== DONE WITH MIGRATION ================ 93.4647
REASSIGNING VELOCITIES AT STEP 6200 TO 300 KELVIN.
REASSIGNING VELOCITIES AT STEP 6300 TO 300 KELVIN.
REASSIGNING VELOCITIES AT STEP 6400 TO 300 KELVIN.
REASSIGNING VELOCITIES AT STEP 6500 TO 300 KELVIN.
PRESSURE: 6500 -1289.6 -88.3282 368.357 -88.3282 -1582.59 -175.6 368.357 -175.6 -1481.89
GPRESSURE: 6500 -1102.28 64.7663 510.673 -361.487 -1600.78 -271.561 576.099 -110.295 -1442.34
PRESSAVG: 6500 -1529.05 -89.3886 12.1227 -89.3886 -1393.17 -253.289 12.1227 -253.289 -1509.39
GPRESSAVG: 6500 -1534.13 -82.367 0.19947 -97.0838 -1391.73 -249.633 26.282 -257.446 -1506.17
ENERGY:    6500         1.8779         7.3011         5.1513         0.0000          -4041.4413       505.2939         0.0000         0.0000       661.7079          -2860.1092       300.8009     -3521.8171     -2847.9533       292.3120          -1451.3565     -1381.7991     12717.5929     -1477.2011     -1477.3442

REASSIGNING VELOCITIES AT STEP 6600 TO 300 KELVIN.
REASSIGNING VELOCITIES AT STEP 6700 TO 300 KELVIN.
REASSIGNING VELOCITIES AT STEP 6800 TO 300 KELVIN.
REASSIGNING VELOCITIES AT STEP 6900 TO 300 KELVIN.
REASSIGNING VELOCITIES AT STEP 7000 TO 300 KELVIN.
PRESSURE: 7000 -2363.94 -193.525 180.318 -193.525 -880.407 1130.43 180.318 1130.43 -475.67
GPRESSURE: 7000 -1994.1 -586.886 185.786 7.8263 -1133.43 742.96 82.8815 1176.93 -517.275
PRESSAVG: 7000 -1264.03 -1.35451 72.112 -1.35451 -1223.69 -72.8413 72.112 -72.8413 -1099.88
GPRESSAVG: 7000 -1268.23 3.10928 65.9206 5.66173 -1215 -68.6324 65.3708 -74.54 -1104.36
ENERGY:    7000         2.7177        13.2750         9.6139         0.0000          -3980.0800       496.7084         0.0000         0.0000       655.6816          -2802.0833       298.0614     -3457.7649     -2794.7621       295.9790          -1240.0057     -1214.9359     12717.5929     -1195.8658     -1195.8642

WRITING COORDINATES TO DCD FILE AT STEP 7000
The last position output (seq=7000) takes 0.000 seconds, 5.275 MB of memory in use
REASSIGNING VELOCITIES AT STEP 7100 TO 300 KELVIN.
REASSIGNING VELOCITIES AT STEP 7200 TO 300 KELVIN.
REASSIGNING VELOCITIES AT STEP 7300 TO 300 KELVIN.
REASSIGNING VELOCITIES AT STEP 7400 TO 300 KELVIN.
REASSIGNING VELOCITIES AT STEP 7500 TO 300 KELVIN.
PRESSURE: 7500 -957.243 385.417 146.773 385.417 -1690.46 271.161 146.773 271.161 -1270.54
GPRESSURE: 7500 -1073.4 356.208 405.238 590.669 -1524.52 527.82 186.873 94.883 -1172.7
PRESSAVG: 7500 -1800.24 6.29478 75.9338 6.29478 -1772.5 141.164 75.9338 141.164 -1839.67
GPRESSAVG: 7500 -1796.52 3.92492 83.9379 3.56431 -1783.72 149.363 58.6686 141.729 -1832.43
ENERGY:    7500         1.5145        11.9353         6.1563         0.0000          -3970.9141       494.9290         0.0000         0.0000       647.0115          -2809.3676       294.1202     -3456.3791     -2820.6953       292.5528          -1306.0819     -1256.8756     12717.5929     -1804.1368     -1804.2223

REASSIGNING VELOCITIES AT STEP 7600 TO 300 KELVIN.
REASSIGNING VELOCITIES AT STEP 7700 TO 300 KELVIN.
REASSIGNING VELOCITIES AT STEP 7800 TO 300 KELVIN.
REASSIGNING VELOCITIES AT STEP 7900 TO 300 KELVIN.
REASSIGNING VELOCITIES AT STEP 8000 TO 300 KELVIN.
PRESSURE: 8000 -1777.33 871.172 -125.608 871.172 -1771.42 177.757 -125.608 177.757 -2054.42
GPRESSURE: 8000 -1938.95 227.057 534.572 1153.16 -1596.32 -89.9322 -466.201 448.014 -1935.44
PRESSAVG: 8000 -1038.58 84.35 323.822 84.35 -1315.25 84.0104 323.822 84.0104 -1354.03
GPRESSAVG: 8000 -1044.13 84.3556 315.158 85.0563 -1308.74 77.286 329.128 101.33 -1355.57
ENERGY:    8000         2.0838         6.6339         7.4125         0.0000          -3998.9334       485.7939         0.0000         0.0000       679.6808          -2817.3285       308.9710     -3497.0093     -2800.8530       301.8873          -1867.7215     -1823.5707     12717.5929     -1235.9533     -1236.1478

WRITING COORDINATES TO DCD FILE AT STEP 8000
The last position output (seq=8000) takes 0.000 seconds, 5.276 MB of memory in use
REASSIGNING VELOCITIES AT STEP 8100 TO 300 KELVIN.
LDB: ============= START OF LOAD BALANCING ============== 122.625
LDB: ============== END OF LOAD BALANCING =============== 122.625
LDB: =============== DONE WITH MIGRATION ================ 122.626
LDB: ============= START OF LOAD BALANCING ============== 123.381
LDB: ============== END OF LOAD BALANCING =============== 123.381
LDB: =============== DONE WITH MIGRATION ================ 123.382
REASSIGNING VELOCITIES AT STEP 8200 TO 300 KELVIN.
REASSIGNING VELOCITIES AT STEP 8300 TO 300 KELVIN.
REASSIGNING VELOCITIES AT STEP 8400 TO 300 KELVIN.
REASSIGNING VELOCITIES AT STEP 8500 TO 300 KELVIN.
PRESSURE: 8500 -2710.53 31.1283 74.9639 31.1283 -1902 551.36 74.9639 551.36 -485.48
GPRESSURE: 8500 -2951.98 120.878 245.248 159.795 -1755.53 255.73 -2.17645 971.972 -314.093
PRESSAVG: 8500 -1751.1 155.053 220.986 155.053 -1772.86 -55.3156 220.986 -55.3156 -1733.81
GPRESSAVG: 8500 -1744.18 158.879 208.338 156.798 -1778.55 -66.5454 234.866 -52.4884 -1734.6
ENERGY:    8500         6.4766        14.5553         6.8828         0.0000          -4008.5932       495.0900         0.0000         0.0000       693.2198          -2792.3687       315.1256     -3485.5885     -2773.4374       294.4129          -1699.3349     -1673.8670     12717.5929     -1752.5904     -1752.4452

REASSIGNING VELOCITIES AT STEP 8600 TO 300 KELVIN.
REASSIGNING VELOCITIES AT STEP 8700 TO 300 KELVIN.
REASSIGNING VELOCITIES AT STEP 8800 TO 300 KELVIN.
REASSIGNING VELOCITIES AT STEP 8900 TO 300 KELVIN.
REASSIGNING VELOCITIES AT STEP 9000 TO 300 KELVIN.
PRESSURE: 9000 -2474.6 -425.349 512.722 -425.349 -2571.03 464.997 512.722 464.997 -1838.66
GPRESSURE: 9000 -2623.51 -704.617 -53.9049 -300.008 -2624.63 463.208 531.364 416.268 -1552.66
PRESSAVG: 9000 -1408.32 -10.683 148.297 -10.683 -1171.23 93.4477 148.297 93.4477 -1259.46
GPRESSAVG: 9000 -1404.87 -15.1115 155.029 -16.0757 -1173.67 90.4346 142.61 93.6644 -1260.58
ENERGY:    9000         4.6525        15.8241         5.9354         0.0000          -3940.0078       427.4341         0.0000         0.0000       665.3908          -2820.7709       302.4751     -3486.1617     -2815.2127       304.6192          -2294.7649     -2266.9322     12717.5929     -1279.6685     -1279.7080

WRITING COORDINATES TO DCD FILE AT STEP 9000
The last position output (seq=9000) takes 0.000 seconds, 5.276 MB of memory in use
REASSIGNING VELOCITIES AT STEP 9100 TO 300 KELVIN.
REASSIGNING VELOCITIES AT STEP 9200 TO 300 KELVIN.
REASSIGNING VELOCITIES AT STEP 9300 TO 300 KELVIN.
REASSIGNING VELOCITIES AT STEP 9400 TO 300 KELVIN.
REASSIGNING VELOCITIES AT STEP 9500 TO 300 KELVIN.
PRESSURE: 9500 -1042.66 -285.916 -603.584 -285.916 -1108.8 -303.891 -603.584 -303.891 -2803.56
GPRESSURE: 9500 -1425.14 34.4989 -682.926 -356.062 -838.17 -442.281 -495.491 -120.655 -2715.96
PRESSAVG: 9500 -1303.8 -177.016 -34.9739 -177.016 -1437.32 -92.4254 -34.9739 -92.4254 -965.682
GPRESSAVG: 9500 -1298.69 -170.637 -29.4234 -185.651 -1441.37 -100.436 -41.9152 -101.239 -966.966
ENERGY:    9500         5.1165        13.2421         4.8183         0.0000          -3975.7847       475.6583         0.0000         0.0000       610.9806          -2865.9689       277.7411     -3476.9494     -2887.7480       298.0958          -1651.6727     -1659.7579     12717.5929     -1235.6010     -1235.6782

REASSIGNING VELOCITIES AT STEP 9600 TO 300 KELVIN.
REASSIGNING VELOCITIES AT STEP 9700 TO 300 KELVIN.
REASSIGNING VELOCITIES AT STEP 9800 TO 300 KELVIN.
REASSIGNING VELOCITIES AT STEP 9900 TO 300 KELVIN.
REASSIGNING VELOCITIES AT STEP 10000 TO 300 KELVIN.
PRESSURE: 10000 -1917.73 97.0876 -172.547 97.0876 -1370.46 298.664 -172.547 298.664 -552.905
GPRESSURE: 10000 -1800.66 -149.693 103.172 309.792 -1484.59 -525.845 -103.183 594.341 -426.624
PRESSAVG: 10000 -1337.96 -95.2195 -87.9097 -95.2195 -933.954 51.2652 -87.9097 51.2652 -1281.4
GPRESSAVG: 10000 -1339.58 -86.0536 -110.012 -97.9184 -932.733 53.7146 -90.6229 60.273 -1280.87
TIMING: 10000  CPU: 148.409, 0.0149265/step  Wall: 150.337, 0.0149315/step, 0 hours remaining, 5.416016 MB of memory in use.
ETITLE:      TS           BOND          ANGLE          DIHED          IMPRP               ELECT            VDW       BOUNDARY           MISC        KINETIC               TOTAL           TEMP      POTENTIAL         TOTAL3        TEMPAVG            PRESSURE      GPRESSURE         VOLUME       PRESSAVG      GPRESSAVG

ENERGY:   10000         3.3932        10.7051         7.0266         0.0000          -4035.4771       518.7068         0.0000         0.0000       656.1031          -2839.5423       298.2530     -3495.6453     -2851.4690       297.1355          -1280.3643     -1237.2927     12717.5929     -1184.4367     -1184.3941

WRITING EXTENDED SYSTEM TO RESTART FILE AT STEP 10000
WRITING COORDINATES TO DCD FILE AT STEP 10000
WRITING COORDINATES TO RESTART FILE AT STEP 10000
FINISHED WRITING RESTART COORDINATES
The last position output (seq=10000) takes 0.016 seconds, 5.399 MB of memory in use
WRITING VELOCITIES TO RESTART FILE AT STEP 10000
FINISHED WRITING RESTART VELOCITIES
The last velocity output (seq=10000) takes 0.009 seconds, 5.395 MB of memory in use
WRITING EXTENDED SYSTEM TO OUTPUT FILE AT STEP 10000
CLOSING EXTENDED SYSTEM TRAJECTORY FILE
WRITING COORDINATES TO OUTPUT FILE AT STEP 10000
CLOSING COORDINATE DCD FILE
WRITING VELOCITIES TO OUTPUT FILE AT STEP 10000
The last velocity output (seq=-2) takes 0.007 seconds, 5.259 MB of memory in use
====================================================

WallClock: 150.427917  CPUTime: 148.433273  Memory: 5.258881 MB
Program finished.
